deriv sigmoid(10) 4.53958077359e-05

DEBUG: running algorythm once, showing al relevant data of a layer 2 neuron
neuron is layer2_neurons[3]
start training
    start batchrun
            correct number:  5   |  neuron bias:  -1.0840546577

        test network

            test_neuron-activation:  0.304753305015

            layer1-activations: |  layer2-axon_weights: 
            0.000000               2.554763           
            0.813069               -1.634547          
            0.999795               1.722403           
            0.849426               -0.460590          
            0.299588               2.931545           
            0.000530               -2.167370          
            0.006807               -1.564817          
            0.999974               0.147423           
            0.797458               0.493695           
            0.990283               -1.163115          
            0.912925               0.224442           
            0.999975               1.285642           
            1.000000               2.936482           
            0.000000               0.961005           
            0.999863               -1.496671          
            0.015993               -0.947164          


        clauculate cost

            a_n:  5   |   c n:  0


        claculate output error (errors of indiator neurons)

            I-Neuron  Activation:  deltaCost: deriv_sigmoid:  z:
            0         0.990867     0.990867   0.011880        4.408743   
            1         0.687081     0.687081   0.039127        3.157664   
            2         0.003274     0.003274   0.012565        -4.351214  
            3         0.897600     0.897600   0.077402        2.382056   
            4         0.040062     0.040062   0.075874        -2.406010  
            5         0.160767     -0.839233  0.009453        -4.642261  
            6         0.976748     0.976748   0.001582        6.446189   
            7         0.329136     0.329136   0.144430        -1.550006  
            8         0.225893     0.225893   0.233827        0.520110   
            9         0.028469     0.028469   0.002814        -5.867565  

        backprop

            z:  0.259290531609   |  deriv_sigmoid:  0.245844665928   |  error neuron:  0.0364530348172

                      weights f-axons    errors i-neurons
            0         -0.619443         -0.023651  
            1         0.350062          -0.066010  
            2         1.751024          -0.012606  
            3         -1.044027         -0.146879  
            4         0.995346          -0.078913  
            5         1.834841          -0.001520  
            6         1.763304          -0.003126  
            7         -2.915218         -0.191968  
            8         -1.550272         -0.286647  
            9         -1.843412         -0.002894  


        clear network_run
            correct number:  0   |  neuron bias:  -1.0840546577

        test network

            test_neuron-activation:  0.304753305015

            layer1-activations: |  layer2-axon_weights: 
            0.000000               2.554763           
            0.813069               -1.634547          
            0.999795               1.722403           
            0.849426               -0.460590          
            0.299588               2.931545           
            0.000530               -2.167370          
            0.006807               -1.564817          
            0.999974               0.147423           
            0.797458               0.493695           
            0.990283               -1.163115          
            0.912925               0.224442           
            0.999975               1.285642           
            1.000000               2.936482           
            0.000000               0.961005           
            0.999863               -1.496671          
            0.015993               -0.947164          


        clauculate cost

            a_n:  0   |   c n:  6


        claculate output error (errors of indiator neurons)

            I-Neuron  Activation:  deltaCost: deriv_sigmoid:  z:
            0         0.930942     -0.069058  0.081251        2.323334   
            1         0.299844     0.299844   0.146961        1.523114   
            2         0.011648     0.011648   0.042257        -3.073555  
            3         0.784575     0.784575   0.148791        1.503752   
            4         0.158926     0.158926   0.205863        -0.895813  
            5         0.097763     0.097763   0.005391        -5.212064  
            6         0.993518     0.993518   0.000434        7.740567   
            7         0.360460     0.360460   0.157604        -1.411277  
            8         0.780373     0.780373   0.044382        3.019599   
            9         0.018021     0.018021   0.001766        -6.335523  

        backprop

            z:  2.01937301647   |  deriv_sigmoid:  0.103451786016   |  error neuron:  0.0023453177172

                      weights f-axons    errors i-neurons
            0         -0.619443         -0.075640  
            1         0.350062          -0.191027  
            2         1.751024          -0.042749  
            3         -1.044027         -0.265529  
            4         0.995346          -0.238580  
            5         1.834841          -0.005919  
            6         1.763304          -0.000866  
            7         -2.915218         -0.214414  
            8         -1.550272         -0.079016  
            9         -1.843412         -0.001798  


        clear network_run
            correct number:  4   |  neuron bias:  -1.0840546577

        test network

            test_neuron-activation:  0.304753305015

            layer1-activations: |  layer2-axon_weights: 
            0.000000               2.554763           
            0.813069               -1.634547          
            0.999795               1.722403           
            0.849426               -0.460590          
            0.299588               2.931545           
            0.000530               -2.167370          
            0.006807               -1.564817          
            0.999974               0.147423           
            0.797458               0.493695           
            0.990283               -1.163115          
            0.912925               0.224442           
            0.999975               1.285642           
            1.000000               2.936482           
            0.000000               0.961005           
            0.999863               -1.496671          
            0.015993               -0.947164          


        clauculate cost

            a_n:  4   |   c n:  6


        claculate output error (errors of indiator neurons)

            I-Neuron  Activation:  deltaCost: deriv_sigmoid:  z:
            0         0.576118     0.576118   0.249948        0.028949   
            1         0.139190     0.139190   0.232062        0.549121   
            2         0.004578     0.004578   0.017416        -4.014569  
            3         0.950721     0.950721   0.038652        3.170951   
            4         0.589605     -0.410395  0.184286        1.132757   
            5         0.617700     0.617700   0.069515        -2.509932  
            6         0.960605     0.960605   0.002718        5.902277   
            7         0.281526     0.281526   0.123936        -1.774811  
            8         0.184382     0.184382   0.245668        0.264819   
            9         0.588574     0.588574   0.106646        -1.979439  

        backprop

            z:  0.909444699997   |  deriv_sigmoid:  0.204679330557   |  error neuron:  0.0866914753391

                      weights f-axons    errors i-neurons
            0         -0.619443         -0.393947  
            1         0.350062          -0.264363  
            2         1.751024          -0.017496  
            3         -1.044027         -0.075399  
            4         0.995346          -0.108656  
            5         1.834841          -0.112455  
            6         1.763304          -0.005330  
            7         -2.915218         -0.158827  
            8         -1.550272         -0.290964  
            9         -1.843412         -0.169415  


        clear network_run
            correct number:  1   |  neuron bias:  -1.0840546577

        test network

            test_neuron-activation:  0.304753305015

            layer1-activations: |  layer2-axon_weights: 
            0.000000               2.554763           
            0.813069               -1.634547          
            0.999795               1.722403           
            0.849426               -0.460590          
            0.299588               2.931545           
            0.000530               -2.167370          
            0.006807               -1.564817          
            0.999974               0.147423           
            0.797458               0.493695           
            0.990283               -1.163115          
            0.912925               0.224442           
            0.999975               1.285642           
            1.000000               2.936482           
            0.000000               0.961005           
            0.999863               -1.496671          
            0.015993               -0.947164          


        clauculate cost

            a_n:  1   |   c n:  6


        claculate output error (errors of indiator neurons)

            I-Neuron  Activation:  deltaCost: deriv_sigmoid:  z:
            0         0.989999     0.989999   0.012989        4.317134   
            1         0.405347     -0.594653  0.105962        1.987920   
            2         0.003422     0.003422   0.013120        -4.306834  
            3         0.902756     0.902756   0.073780        2.439445   
            4         0.048744     0.048744   0.089745        -2.200775  
            5         0.456535     0.456535   0.038898        -3.164029  
            6         0.996874     0.996874   0.000209        8.473247   
            7         0.007263     0.007263   0.003145        -5.755557  
            8         0.033234     0.033234   0.138039        -1.618631  
            9         0.017901     0.017901   0.001754        -6.342337  

        backprop

            z:  4.47261984021   |  deriv_sigmoid:  0.0111610504768   |  error neuron:  6.42898135749e-05

                      weights f-axons    errors i-neurons
            0         -0.619443         -0.025849  
            1         0.350062          -0.042951  
            2         1.751024          -0.013165  
            3         -1.044027         -0.140384  
            4         0.995346          -0.094119  
            5         1.834841          -0.056657  
            6         1.763304          -0.000417  
            7         -2.915218         -0.003168  
            8         -1.550272         -0.142626  
            9         -1.843412         -0.001785  


        clear network_run
            correct number:  9   |  neuron bias:  -1.0840546577

        test network

            test_neuron-activation:  0.304753305015

            layer1-activations: |  layer2-axon_weights: 
            0.000000               2.554763           
            0.813069               -1.634547          
            0.999795               1.722403           
            0.849426               -0.460590          
            0.299588               2.931545           
            0.000530               -2.167370          
            0.006807               -1.564817          
            0.999974               0.147423           
            0.797458               0.493695           
            0.990283               -1.163115          
            0.912925               0.224442           
            0.999975               1.285642           
            1.000000               2.936482           
            0.000000               0.961005           
            0.999863               -1.496671          
            0.015993               -0.947164          


        clauculate cost

            a_n:  9   |   c n:  6


        claculate output error (errors of indiator neurons)

            I-Neuron  Activation:  deltaCost: deriv_sigmoid:  z:
            0         0.980857     0.980857   0.024490        3.658602   
            1         0.520078     0.520078   0.073035        2.451509   
            2         0.000886     0.000886   0.003455        -5.660938  
            3         0.744719     0.744719   0.170043        1.281862   
            4         0.255956     0.255956   0.244579        -0.296667  
            5         0.200794     0.200794   0.012324        -4.371069  
            6         0.999123     0.999123   0.000058        9.746695   
            7         0.082638     0.082638   0.036102        -3.244946  
            8         0.120499     0.120499   0.246552        -0.235956  
            9         0.133091     -0.866909  0.014395        -4.211410  

        backprop

            z:  3.83276790975   |  deriv_sigmoid:  0.0207417836789   |  error neuron:  0.000258528257791

                      weights f-axons    errors i-neurons
            0         -0.619443         -0.048511  
            1         0.350062          -0.111019  
            2         1.751024          -0.003458  
            3         -1.044027         -0.296677  
            4         0.995346          -0.307181  
            5         1.834841          -0.014799  
            6         1.763304          -0.000117  
            7         -2.915218         -0.039085  
            8         -1.550272         -0.276262  
            9         -1.843412         -0.001916  


        clear network_run
            correct number:  2   |  neuron bias:  -1.0840546577

        test network

            test_neuron-activation:  0.304753305015

            layer1-activations: |  layer2-axon_weights: 
            0.000000               2.554763           
            0.813069               -1.634547          
            0.999795               1.722403           
            0.849426               -0.460590          
            0.299588               2.931545           
            0.000530               -2.167370          
            0.006807               -1.564817          
            0.999974               0.147423           
            0.797458               0.493695           
            0.990283               -1.163115          
            0.912925               0.224442           
            0.999975               1.285642           
            1.000000               2.936482           
            0.000000               0.961005           
            0.999863               -1.496671          
            0.015993               -0.947164          


        clauculate cost

            a_n:  2   |   c n:  6


        claculate output error (errors of indiator neurons)

            I-Neuron  Activation:  deltaCost: deriv_sigmoid:  z:
            0         0.934153     0.934153   0.077896        2.374399   
            1         0.534381     0.534381   0.069576        2.508897   
            2         0.003244     -0.996756  0.012454        -4.360355  
            3         0.953284     0.953284   0.036705        3.227036   
            4         0.205086     0.205086   0.229815        -0.584379  
            5         0.745105     0.745105   0.111757        -1.917056  
            6         0.959518     0.959518   0.002796        5.873946   
            7         0.036709     0.036709   0.015956        -4.105229  
            8         0.032166     0.032166   0.134932        -1.652408  
            9         0.077757     0.077757   0.008011        -4.810732  

        backprop

            z:  6.23032311203   |  deriv_sigmoid:  0.00196108601057   |  error neuron:  3.20427769886e-05

                      weights f-axons    errors i-neurons
            0         -0.619443         -0.150663  
            1         0.350062          -0.106756  
            2         1.751024          -0.000040  
            3         -1.044027         -0.071695  
            4         0.995346          -0.276947  
            5         1.834841          -0.195029  
            6         1.763304          -0.005479  
            7         -2.915218         -0.016542  
            8         -1.550272         -0.139273  
            9         -1.843412         -0.008634  


        clear network_run
            correct number:  1   |  neuron bias:  -1.0840546577

        test network

            test_neuron-activation:  0.304753305015

            layer1-activations: |  layer2-axon_weights: 
            0.000000               2.554763           
            0.813069               -1.634547          
            0.999795               1.722403           
            0.849426               -0.460590          
            0.299588               2.931545           
            0.000530               -2.167370          
            0.006807               -1.564817          
            0.999974               0.147423           
            0.797458               0.493695           
            0.990283               -1.163115          
            0.912925               0.224442           
            0.999975               1.285642           
            1.000000               2.936482           
            0.000000               0.961005           
            0.999863               -1.496671          
            0.015993               -0.947164          


        clauculate cost

            a_n:  1   |   c n:  0


        claculate output error (errors of indiator neurons)

            I-Neuron  Activation:  deltaCost: deriv_sigmoid:  z:
            0         0.997149     0.997149   0.003747        5.579284   
            1         0.506552     -0.493448  0.076423        2.397367   
            2         0.001109     0.001109   0.004321        -5.435563  
            3         0.911544     0.911544   0.067535        2.543852   
            4         0.077445     0.077445   0.129961        -1.707156  
            5         0.736149     0.736149   0.107923        -1.963680  
            6         0.995291     0.995291   0.000315        8.061822   
            7         0.510469     0.510469   0.214232        -0.796025  
            8         0.152582     0.152582   0.249913        0.037261   
            9         0.429637     0.429637   0.063211        -2.620845  

        backprop

            z:  -1.85712996383   |  deriv_sigmoid:  0.116802686651   |  error neuron:  0.0270451774506

                      weights f-axons    errors i-neurons
            0         -0.619443         -0.007483  
            1         0.350062          -0.038712  
            2         1.751024          -0.004326  
            3         -1.044027         -0.129096  
            4         0.995346          -0.140025  
            5         1.834841          -0.187371  
            6         1.763304          -0.000629  
            7         -2.915218         -0.323591  
            8         -1.550272         -0.288045  
            9         -1.843412         -0.090369  


        clear network_run
            correct number:  3   |  neuron bias:  -1.0840546577

        test network

            test_neuron-activation:  0.304753305015

            layer1-activations: |  layer2-axon_weights: 
            0.000000               2.554763           
            0.813069               -1.634547          
            0.999795               1.722403           
            0.849426               -0.460590          
            0.299588               2.931545           
            0.000530               -2.167370          
            0.006807               -1.564817          
            0.999974               0.147423           
            0.797458               0.493695           
            0.990283               -1.163115          
            0.912925               0.224442           
            0.999975               1.285642           
            1.000000               2.936482           
            0.000000               0.961005           
            0.999863               -1.496671          
            0.015993               -0.947164          


        clauculate cost

            a_n:  3   |   c n:  6


        claculate output error (errors of indiator neurons)

            I-Neuron  Activation:  deltaCost: deriv_sigmoid:  z:
            0         0.981921     0.981921   0.023170        3.716869   
            1         0.704850     0.704850   0.036212        3.241655   
            2         0.000519     0.000519   0.002029        -6.196175  
            3         0.669954     -0.330046  0.203827        0.919196   
            4         0.235895     0.235895   0.240027        -0.404893  
            5         0.084835     0.084835   0.004620        -5.368125  
            6         0.997679     0.997679   0.000155        8.771608   
            7         0.051934     0.051934   0.022613        -3.742366  
            8         0.016187     0.016187   0.079126        -2.355483  
            9         0.101967     0.101967   0.010728        -4.513073  

        backprop

            z:  3.54306832861   |  deriv_sigmoid:  0.0273210891678   |  error neuron:  0.000689866604103

                      weights f-axons    errors i-neurons
            0         -0.619443         -0.045921  
            1         0.350062          -0.061736  
            2         1.751024          -0.002030  
            3         -1.044027         -0.136555  
            4         0.995346          -0.296649  
            5         1.834841          -0.005012  
            6         1.763304          -0.000310  
            7         -2.915218         -0.023788  
            8         -1.550272         -0.080407  
            9         -1.843412         -0.011822  


        clear network_run
            correct number:  1   |  neuron bias:  -1.0840546577

        test network

            test_neuron-activation:  0.304753305015

            layer1-activations: |  layer2-axon_weights: 
            0.000000               2.554763           
            0.813069               -1.634547          
            0.999795               1.722403           
            0.849426               -0.460590          
            0.299588               2.931545           
            0.000530               -2.167370          
            0.006807               -1.564817          
            0.999974               0.147423           
            0.797458               0.493695           
            0.990283               -1.163115          
            0.912925               0.224442           
            0.999975               1.285642           
            1.000000               2.936482           
            0.000000               0.961005           
            0.999863               -1.496671          
            0.015993               -0.947164          


        clauculate cost

            a_n:  1   |   c n:  0


        claculate output error (errors of indiator neurons)

            I-Neuron  Activation:  deltaCost: deriv_sigmoid:  z:
            0         0.999481     0.999481   0.000684        7.285808   
            1         0.929141     -0.070859  0.007021        4.944717   
            2         0.000312     0.000312   0.001223        -6.704203  
            3         0.988581     0.988581   0.009179        4.672248   
            4         0.042155     0.042155   0.079295        -2.352901  
            5         0.796663     0.796663   0.137528        -1.624162  
            6         0.988367     0.988367   0.000783        7.150550   
            7         0.202197     0.202197   0.089046        -2.210529  
            8         0.031520     0.031520   0.133022        -1.673342  
            9         0.136109     0.136109   0.014762        -4.185505  

        backprop

            z:  -0.894983648328   |  deriv_sigmoid:  0.205934621794   |  error neuron:  0.0179346183017

                      weights f-axons    errors i-neurons
            0         -0.619443         -0.001368  
            1         0.350062          -0.006523  
            2         1.751024          -0.001223  
            3         -1.044027         -0.018253  
            4         0.995346          -0.082638  
            5         1.834841          -0.247092  
            6         1.763304          -0.001557  
            7         -2.915218         -0.107050  
            8         -1.550272         -0.137215  
            9         -1.843412         -0.016771  


        clear network_run
            correct number:  4   |  neuron bias:  -1.0840546577

        test network

            test_neuron-activation:  0.304753305015

            layer1-activations: |  layer2-axon_weights: 
            0.000000               2.554763           
            0.813069               -1.634547          
            0.999795               1.722403           
            0.849426               -0.460590          
            0.299588               2.931545           
            0.000530               -2.167370          
            0.006807               -1.564817          
            0.999974               0.147423           
            0.797458               0.493695           
            0.990283               -1.163115          
            0.912925               0.224442           
            0.999975               1.285642           
            1.000000               2.936482           
            0.000000               0.961005           
            0.999863               -1.496671          
            0.015993               -0.947164          


        clauculate cost

            a_n:  4   |   c n:  0


        claculate output error (errors of indiator neurons)

            I-Neuron  Activation:  deltaCost: deriv_sigmoid:  z:
            0         0.998742     0.998742   0.001657        6.399123   
            1         0.587738     0.587738   0.057691        2.725777   
            2         0.001036     0.001036   0.004038        -5.503763  
            3         0.975739     0.975739   0.019344        3.905528   
            4         0.007634     -0.992366  0.016082        -4.097082  
            5         0.080702     0.080702   0.004377        -5.422570  
            6         0.997401     0.997401   0.000174        8.658575   
            7         0.059812     0.059812   0.026067        -3.592776  
            8         0.114570     0.114570   0.244706        -0.293127  
            9         0.007657     0.007657   0.000744        -7.201916  

        backprop

            z:  0.502833022225   |  deriv_sigmoid:  0.23484026624   |  error neuron:  0.0246797155749

                      weights f-axons    errors i-neurons
            0         -0.619443         -0.003313  
            1         0.350062          -0.091598  
            2         1.751024          -0.004043  
            3         -1.044027         -0.038218  
            4         0.995346          -0.000123  
            5         1.834841          -0.004730  
            6         1.763304          -0.000347  
            7         -2.915218         -0.027626  
            8         -1.550272         -0.272742  
            9         -1.843412         -0.000750  


        clear network_run


        change values

            t-neuron old_bias:  -1.0840546577   |  t-neuron new_bias:  -1.10367406436
            t-neuron errors
['          0.0364530348172',
 '          0.0023453177172',
 '          0.0866914753391',
 '          6.42898135749e-05',
 '          0.000258528257791',
 '          3.20427769886e-05',
 '          0.0270451774506',
 '          0.000689866604103',
 '          0.0179346183017',
 '          0.0246797155749']


        clear batchrun
    end Batchrun
    total_cost:  0.182749872613 batch_index:  0





training end
save network as:  network_states/network_cost: 0.182749872613 | 09:15AM on May 17, 2018.pkl
