deriv sigmoid(10) 4.53958077359e-05

DEBUG: running algorythm once, showing al relevant data of a layer 2 neuron
neuron is layer2_neurons[3]
start training
    start batchrun
            correct number:  5   |  neuron bias:  1.21854731812

        test network

            test_neuron-activation:  0.00177597517206

            layer1-activations: |  layer2-axon_weights: 
            0.999472               -0.820937          
            0.000127               -2.190763          
            0.000359               0.652895           
            0.784709               -2.370068          
            0.000000               -1.705835          
            0.000000               2.979328           
            0.027269               -1.055500          
            1.000000               -2.155035          
            1.000000               -1.498960          
            0.830414               2.382269           
            0.000000               -2.543616          
            0.000000               -1.738217          
            1.000000               -0.819006          
            0.000347               2.184733           
            0.000002               -0.822072          
            0.999992               1.656884           


        clauculate cost

            a_n:  5   |   c n:  0


        claculate output error (errors of indiator neurons)

            I-Neuron  Activation:  deltaCost: deriv_sigmoid:  z:
            0         0.999628     0.999628   0.001316        6.630314   
            1         0.930221     0.930221   0.150068        1.490278   
            2         0.988125     0.988125   0.003084        5.775301   
            3         0.983516     0.983516   0.127496        1.734649   
            4         0.012205     0.012205   0.086227        -2.250440  
            5         0.133083     -0.866917  0.240227        -0.400716  
            6         0.528277     0.528277   0.061133        -2.659403  
            7         0.008517     0.008517   0.003993        -5.515265  
            8         0.999447     0.999447   0.000121        9.016790   
            9         0.971952     0.971952   0.077556        2.379673   

        backprop

            z:  -7.55017537824   |  deriv_sigmoid:  0.000525464913679   |  error neuron:  -4.31252259261e-05

                      weights f-axons    errors i-neurons
            0         1.424425          -0.002632  
            1         -0.742505         -0.289665  
            2         1.858957          -0.006132  
            3         1.728744          -0.252890  
            4         -1.966367         -0.087280  
            5         -0.682426         -0.031970  
            6         -1.640480         -0.093428  
            7         1.555603          -0.004027  
            8         1.024623          -0.000243  
            9         0.536632          -0.152936  


        clear network_run
            correct number:  0   |  neuron bias:  1.21854731812

        test network

            test_neuron-activation:  0.00177597517206

            layer1-activations: |  layer2-axon_weights: 
            0.999472               -0.820937          
            0.000127               -2.190763          
            0.000359               0.652895           
            0.784709               -2.370068          
            0.000000               -1.705835          
            0.000000               2.979328           
            0.027269               -1.055500          
            1.000000               -2.155035          
            1.000000               -1.498960          
            0.830414               2.382269           
            0.000000               -2.543616          
            0.000000               -1.738217          
            1.000000               -0.819006          
            0.000347               2.184733           
            0.000002               -0.822072          
            0.999992               1.656884           


        clauculate cost

            a_n:  0   |   c n:  0


        claculate output error (errors of indiator neurons)

            I-Neuron  Activation:  deltaCost: deriv_sigmoid:  z:
            0         0.999220     -0.000780  0.002753        5.889595   
            1         0.998077     0.998077   0.005721        5.152058   
            2         0.314368     0.314368   0.230477        0.574165   
            3         0.720923     0.720923   0.158198        -1.405078  
            4         0.932877     0.932877   0.008298        4.774948   
            5         0.115297     0.115297   0.231096        -0.564495  
            6         0.340598     0.340598   0.030294        -3.433260  
            7         0.297562     0.297562   0.138187        -1.617022  
            8         0.992694     0.992694   0.001609        6.428924   
            9         0.992734     0.992734   0.022418        3.751478   

        backprop

            z:  -4.52219931469   |  deriv_sigmoid:  0.0106327936227   |  error neuron:  -0.000255603606802

                      weights f-axons    errors i-neurons
            0         1.424425          -0.002751  
            1         -0.742505         -0.011431  
            2         1.858957          -0.302932  
            3         1.728744          -0.272246  
            4         -1.966367         -0.016039  
            5         -0.682426         -0.257741  
            6         -1.640480         -0.040612  
            7         1.555603          -0.179307  
            8         1.024623          -0.003206  
            9         0.536632          -0.044673  


        clear network_run


        change values

            t-neuron old_bias:  1.21854731812   |  t-neuron new_bias:  1.21869668254
            t-neuron errors
['          -4.31252259261e-05', '          -0.000255603606802']


        clear batchrun
    end Batchrun
    total_cost:  0.339134466972 batch_index:  0





training end
save network as:  network_states/network_cost: 0.339134466972 | 09:28AM on May 17, 2018.pkl
